<?xml version="1.0" encoding="UTF-8"?>
<!-- Generated by org.testng.reporters.JUnitReportReporter -->
<testsuite hostname="DESKTOP-FRM6D0M" failures="0" tests="1" name="com.cs.tests.CustomerTests" time="21.452" errors="0" timestamp="2024-03-15T15:54:34 IST" skipped="0">
  <testcase classname="com.cs.tests.CustomerTests" name="addCustomerTest" time="21.452"/>
</testsuite> <!-- com.cs.tests.CustomerTests -->
